<html>
<head>
<title>TestNG:  Default test</title>
<link href="../testng.css" rel="stylesheet" type="text/css" />
<link href="../my-testng.css" rel="stylesheet" type="text/css" />

<style type="text/css">
.log { display: none;} 
.stack-trace { display: none;} 
</style>
<script type="text/javascript">
<!--
function flip(e) {
  current = e.style.display;
  if (current == 'block') {
    e.style.display = 'none';
    return 0;
  }
  else {
    e.style.display = 'block';
    return 1;
  }
}

function toggleBox(szDivId, elem, msg1, msg2)
{
  var res = -1;  if (document.getElementById) {
    res = flip(document.getElementById(szDivId));
  }
  else if (document.all) {
    // this is the way old msie versions work
    res = flip(document.all[szDivId]);
  }
  if(elem) {
    if(res == 0) elem.innerHTML = msg1; else elem.innerHTML = msg2;
  }

}

function toggleAllBoxes() {
  if (document.getElementsByTagName) {
    d = document.getElementsByTagName('div');
    for (i = 0; i < d.length; i++) {
      if (d[i].className == 'log') {
        flip(d[i]);
      }
    }
  }
}

// -->
</script>

</head>
<body>
<h2 align='center'>Default test</h2><table border='1' align="center">
<tr>
<td>Tests passed/Failed/Skipped:</td><td>6/0/1</td>
</tr><tr>
<td>Started on:</td><td>Thu Apr 17 17:26:58 IST 2025</td>
</tr>
<tr><td>Total time:</td><td>68 seconds (68330 ms)</td>
</tr><tr>
<td>Included groups:</td><td></td>
</tr><tr>
<td>Excluded groups:</td><td></td>
</tr>
</table><p/>
<small><i>(Hover the method name to see the test class name)</i></small><p/>
<table width='100%' border='1' class='invocation-passed'>
<tr><td colspan='4' align='center'><b>PASSED TESTS</b></td></tr>
<tr><td><b>Test method</b></td>
<td><b>Attribute(s)</b></td>
<td width="30%"><b>Exception</b></td>
<td width="10%"><b>Time (seconds)</b></td>
<td><b>Instance</b></td>
</tr>
<tr>
<td title='parallel.ParallelRun.runScenario()'><b>runScenario</b><br>Test class: parallel.ParallelRun<br>Test method: Runs Cucumber Scenarios<br>Parameters: "Contact Us scenario with different set of data", "Contact Us Feature"</td>
<td></td>
<td>67</td>
<td>parallel.ParallelRun@1df8da7a</td></tr>
<tr>
<td title='parallel.ParallelRun.runScenario()'><b>runScenario</b><br>Test class: parallel.ParallelRun<br>Test method: Runs Cucumber Scenarios<br>Parameters: "Accounts page title", "Account Page Feature"</td>
<td></td>
<td>47</td>
<td>parallel.ParallelRun@1df8da7a</td></tr>
<tr>
<td title='parallel.ParallelRun.runScenario()'><b>runScenario</b><br>Test class: parallel.ParallelRun<br>Test method: Runs Cucumber Scenarios<br>Parameters: "Login page title", "Login page feature"</td>
<td></td>
<td>47</td>
<td>parallel.ParallelRun@1df8da7a</td></tr>
<tr>
<td title='parallel.ParallelRun.runScenario()'><b>runScenario</b><br>Test class: parallel.ParallelRun<br>Test method: Runs Cucumber Scenarios<br>Parameters: "Forgot password link", "Login page feature"</td>
<td></td>
<td>44</td>
<td>parallel.ParallelRun@1df8da7a</td></tr>
<tr>
<td title='parallel.ParallelRun.runScenario()'><b>runScenario</b><br>Test class: parallel.ParallelRun<br>Test method: Runs Cucumber Scenarios<br>Parameters: "Accounts section count", "Account Page Feature"</td>
<td></td>
<td>53</td>
<td>parallel.ParallelRun@1df8da7a</td></tr>
<tr>
<td title='parallel.ParallelRun.runScenario()'><b>runScenario</b><br>Test class: parallel.ParallelRun<br>Test method: Runs Cucumber Scenarios<br>Parameters: "Contact Us scenario with different set of data", "Contact Us Feature"</td>
<td></td>
<td>63</td>
<td>parallel.ParallelRun@1df8da7a</td></tr>
</table><p>
<table width='100%' border='1' class='invocation-skipped'>
<tr><td colspan='4' align='center'><b>SKIPPED TESTS</b></td></tr>
<tr><td><b>Test method</b></td>
<td><b>Attribute(s)</b></td>
<td width="30%"><b>Exception</b></td>
<td width="10%"><b>Time (seconds)</b></td>
<td><b>Instance</b></td>
</tr>
<tr>
<td title='parallel.ParallelRun.runScenario()'><b>runScenario</b><br>Test class: parallel.ParallelRun<br>Test method: Runs Cucumber Scenarios<br>Parameters: "Login with correct credentials", "Login page feature"</td>
<td><div><pre>org.testng.SkipException: got: &lt;false&gt;, expected: is &lt;true&gt;
	at io.cucumber.testng.TestCaseResultObserver.lambda$assertTestCasePassed$1(TestCaseResultObserver.java:27)
	at io.cucumber.core.runtime.TestCaseResultObserver.assertTestCasePassed(TestCaseResultObserver.java:66)
	at io.cucumber.testng.TestCaseResultObserver.assertTestCasePassed(TestCaseResultObserver.java:23)
	at io.cucumber.testng.TestNGCucumberRunner.lambda$runScenario$1(TestNGCucumberRunner.java:136)
	at io.cucumber.core.runtime.CucumberExecutionContext.lambda$runTestCase$5(CucumberExecutionContext.java:136)
	at io.cucumber.core.runtime.RethrowingThrowableCollector.executeAndThrow(RethrowingThrowableCollector.java:23)
	at io.cucumber.core.runtime.CucumberExecutionContext.runTestCase(CucumberExecutionContext.java:136)
	at io.cucumber.testng.TestNGCucumberRunner.runScenario(TestNGCucumberRunner.java:132)
	at io.cucumber.testng.AbstractTestNGCucumberTests.runScenario(AbstractTestNGCucumberTests.java:35)
	at java.base/jdk.internal.reflect.DirectMethodHandleAccessor.invoke(DirectMethodHandleAccessor.java:103)
	at java.base/java.lang.reflect.Method.invoke(Method.java:580)
	at org.testng.internal.invokers.MethodInvocationHelper.invokeMethod(MethodInvocationHelper.java:141)
	at org.testng.internal.invokers.TestInvoker.invokeMethod(TestInvoker.java:687)
	at org.testng.internal.invokers.TestInvoker.invokeTestMethod(TestInvoker.java:230)
	at org.testng.internal.invokers.TestMethodWithDataProviderMethodWorker.call(TestMethodWithDataProviderMethodWorker.java:81)
	at org.testng.internal.thread.Async$AsyncTask.run(Async.java:34)
	at java.base/java.util.concurrent.ThreadPoolExecutor.runWorker(ThreadPoolExecutor.java:1144)
	at java.base/java.util.concurrent.ThreadPoolExecutor$Worker.run(ThreadPoolExecutor.java:642)
	at java.base/java.lang.Thread.run(Thread.java:1570)
Caused by: org.junit.AssumptionViolatedException: got: &lt;false&gt;, expected: is &lt;true&gt;
	at org.junit.Assume.assumeThat(Assume.java:106)
	at org.junit.Assume.assumeTrue(Assume.java:50)
	at parallel.ApplicationHooks.skip_scenario(ApplicationHooks.java:28)
</pre></div><a href='#' onClick='toggleBox("stack-trace628664096", this, "Click to show all stack frames", "Click to hide stack frames")'>Click to show all stack frames</a>
<div class='stack-trace' id='stack-trace628664096'><pre>org.testng.SkipException: got: &lt;false&gt;, expected: is &lt;true&gt;
	at io.cucumber.testng.TestCaseResultObserver.lambda$assertTestCasePassed$1(TestCaseResultObserver.java:27)
	at io.cucumber.core.runtime.TestCaseResultObserver.assertTestCasePassed(TestCaseResultObserver.java:66)
	at io.cucumber.testng.TestCaseResultObserver.assertTestCasePassed(TestCaseResultObserver.java:23)
	at io.cucumber.testng.TestNGCucumberRunner.lambda$runScenario$1(TestNGCucumberRunner.java:136)
	at io.cucumber.core.runtime.CucumberExecutionContext.lambda$runTestCase$5(CucumberExecutionContext.java:136)
	at io.cucumber.core.runtime.RethrowingThrowableCollector.executeAndThrow(RethrowingThrowableCollector.java:23)
	at io.cucumber.core.runtime.CucumberExecutionContext.runTestCase(CucumberExecutionContext.java:136)
	at io.cucumber.testng.TestNGCucumberRunner.runScenario(TestNGCucumberRunner.java:132)
	at io.cucumber.testng.AbstractTestNGCucumberTests.runScenario(AbstractTestNGCucumberTests.java:35)
	at java.base/jdk.internal.reflect.DirectMethodHandleAccessor.invoke(DirectMethodHandleAccessor.java:103)
	at java.base/java.lang.reflect.Method.invoke(Method.java:580)
	at org.testng.internal.invokers.MethodInvocationHelper.invokeMethod(MethodInvocationHelper.java:141)
	at org.testng.internal.invokers.TestInvoker.invokeMethod(TestInvoker.java:687)
	at org.testng.internal.invokers.TestInvoker.invokeTestMethod(TestInvoker.java:230)
	at org.testng.internal.invokers.TestMethodWithDataProviderMethodWorker.call(TestMethodWithDataProviderMethodWorker.java:81)
	at org.testng.internal.thread.Async$AsyncTask.run(Async.java:34)
	at java.base/java.util.concurrent.ThreadPoolExecutor.runWorker(ThreadPoolExecutor.java:1144)
	at java.base/java.util.concurrent.ThreadPoolExecutor$Worker.run(ThreadPoolExecutor.java:642)
	at java.base/java.lang.Thread.run(Thread.java:1570)
Caused by: org.junit.AssumptionViolatedException: got: &lt;false&gt;, expected: is &lt;true&gt;
	at org.junit.Assume.assumeThat(Assume.java:106)
	at org.junit.Assume.assumeTrue(Assume.java:50)
	at parallel.ApplicationHooks.skip_scenario(ApplicationHooks.java:28)
</pre></div></td>
<td>14</td>
<td>parallel.ParallelRun@1df8da7a</td></tr>
</table><p>
</body>
</html>